2023-05-16 22:23:37,101 - tri_viq_cnn_trans - INFO - experiment id: 1
2023-05-16 22:23:37,102 - tri_viq_cnn_trans - INFO - training dataset batteries index: [4, 5, 6, 7, 8, 9, 10, 11, 12, 13, 14, 15]
2023-05-16 22:23:37,104 - tri_viq_cnn_trans - INFO - testing dataset batteries index: [0, 1, 2, 3]
2023-05-16 22:23:37,995 - tri_viq_cnn_trans - INFO - dataloader info: shape of X is torch.Size([128, 3, 15, 15]), shape of y is torch.Size([128, 1])
2023-05-16 22:23:37,997 - tri_viq_cnn_trans - INFO - 训练开始
2023-05-16 22:24:40,422 - tri_viq_cnn_trans - INFO - epoch 10, train loss 0.00014237818273920454, validation loss 0.0
2023-05-16 22:24:40,423 - tri_viq_cnn_trans - INFO - model save to path: ../../checkpoints/tri_viq_cnn_trans/group1_epoch10.pth
2023-05-16 22:25:42,148 - tri_viq_cnn_trans - INFO - epoch 20, train loss 7.29115966126984e-05, validation loss 0.0
2023-05-16 22:25:42,149 - tri_viq_cnn_trans - INFO - model save to path: ../../checkpoints/tri_viq_cnn_trans/group1_epoch20.pth
2023-05-16 22:26:44,140 - tri_viq_cnn_trans - INFO - epoch 30, train loss 5.123961515160718e-05, validation loss 0.0
2023-05-16 22:26:44,141 - tri_viq_cnn_trans - INFO - model save to path: ../../checkpoints/tri_viq_cnn_trans/group1_epoch30.pth
2023-05-16 22:27:45,502 - tri_viq_cnn_trans - INFO - epoch 40, train loss 4.5487077386095457e-05, validation loss 0.0
2023-05-16 22:27:45,503 - tri_viq_cnn_trans - INFO - model save to path: ../../checkpoints/tri_viq_cnn_trans/group1_epoch40.pth
2023-05-16 22:28:48,164 - tri_viq_cnn_trans - INFO - epoch 50, train loss 3.6224754603849564e-05, validation loss 0.0
2023-05-16 22:28:48,165 - tri_viq_cnn_trans - INFO - model save to path: ../../checkpoints/tri_viq_cnn_trans/group1_epoch50.pth
2023-05-16 22:29:49,338 - tri_viq_cnn_trans - INFO - epoch 60, train loss 3.151453640444118e-05, validation loss 0.0
2023-05-16 22:29:49,339 - tri_viq_cnn_trans - INFO - model save to path: ../../checkpoints/tri_viq_cnn_trans/group1_epoch60.pth
2023-05-16 22:30:52,530 - tri_viq_cnn_trans - INFO - epoch 70, train loss 2.928061914062003e-05, validation loss 0.0
2023-05-16 22:30:52,531 - tri_viq_cnn_trans - INFO - model save to path: ../../checkpoints/tri_viq_cnn_trans/group1_epoch70.pth
2023-05-16 22:31:53,309 - tri_viq_cnn_trans - INFO - epoch 80, train loss 2.66851445623763e-05, validation loss 0.0
2023-05-16 22:31:53,311 - tri_viq_cnn_trans - INFO - model save to path: ../../checkpoints/tri_viq_cnn_trans/group1_epoch80.pth
2023-05-16 22:32:56,167 - tri_viq_cnn_trans - INFO - epoch 90, train loss 2.369329673971731e-05, validation loss 0.0
2023-05-16 22:32:56,167 - tri_viq_cnn_trans - INFO - model save to path: ../../checkpoints/tri_viq_cnn_trans/group1_epoch90.pth
2023-05-16 22:33:58,987 - tri_viq_cnn_trans - INFO - epoch 100, train loss 2.3127293256374226e-05, validation loss 0.0
2023-05-16 22:33:58,988 - tri_viq_cnn_trans - INFO - model save to path: ../../checkpoints/tri_viq_cnn_trans/group1_epoch100.pth
2023-05-16 22:35:01,099 - tri_viq_cnn_trans - INFO - epoch 110, train loss 2.071025942382241e-05, validation loss 0.0
2023-05-16 22:35:01,100 - tri_viq_cnn_trans - INFO - model save to path: ../../checkpoints/tri_viq_cnn_trans/group1_epoch110.pth
2023-05-16 22:36:02,649 - tri_viq_cnn_trans - INFO - epoch 120, train loss 2.0613525903686306e-05, validation loss 0.0
2023-05-16 22:36:02,650 - tri_viq_cnn_trans - INFO - model save to path: ../../checkpoints/tri_viq_cnn_trans/group1_epoch120.pth
2023-05-16 22:36:02,652 - tri_viq_cnn_trans - INFO - 训练完成
2023-05-16 22:36:11,505 - tri_viq_cnn_trans - INFO - maxE: 0.068919, mae: 0.003773, rmse:0.006046
2023-05-16 22:36:20,580 - tri_viq_cnn_trans - INFO - maxE: 0.051506, mae: 0.005925, rmse:0.008167
2023-05-16 22:36:31,174 - tri_viq_cnn_trans - INFO - maxE: 0.122533, mae: 0.009344, rmse:0.012797
2023-05-16 22:36:40,425 - tri_viq_cnn_trans - INFO - maxE: 0.043222, mae: 0.005244, rmse:0.006796
2023-05-16 22:36:40,427 - tri_viq_cnn_trans - INFO - experiment id: 2
2023-05-16 22:36:40,427 - tri_viq_cnn_trans - INFO - training dataset batteries index: [0, 1, 2, 3, 8, 9, 10, 11, 12, 13, 14, 15]
2023-05-16 22:36:40,428 - tri_viq_cnn_trans - INFO - testing dataset batteries index: [4, 5, 6, 7]
2023-05-16 22:36:41,414 - tri_viq_cnn_trans - INFO - dataloader info: shape of X is torch.Size([128, 3, 15, 15]), shape of y is torch.Size([128, 1])
2023-05-16 22:36:41,417 - tri_viq_cnn_trans - INFO - 训练开始
2023-05-16 22:37:42,665 - tri_viq_cnn_trans - INFO - epoch 10, train loss 0.00014114159615453073, validation loss 0.0
2023-05-16 22:37:42,666 - tri_viq_cnn_trans - INFO - model save to path: ../../checkpoints/tri_viq_cnn_trans/group2_epoch10.pth
2023-05-16 22:38:43,582 - tri_viq_cnn_trans - INFO - epoch 20, train loss 5.93155921257438e-05, validation loss 0.0
2023-05-16 22:38:43,583 - tri_viq_cnn_trans - INFO - model save to path: ../../checkpoints/tri_viq_cnn_trans/group2_epoch20.pth
2023-05-16 22:39:44,353 - tri_viq_cnn_trans - INFO - epoch 30, train loss 4.4242930304119324e-05, validation loss 0.0
2023-05-16 22:39:44,353 - tri_viq_cnn_trans - INFO - model save to path: ../../checkpoints/tri_viq_cnn_trans/group2_epoch30.pth
2023-05-16 22:40:45,433 - tri_viq_cnn_trans - INFO - epoch 40, train loss 3.668459998224594e-05, validation loss 0.0
2023-05-16 22:40:45,434 - tri_viq_cnn_trans - INFO - model save to path: ../../checkpoints/tri_viq_cnn_trans/group2_epoch40.pth
2023-05-16 22:41:46,372 - tri_viq_cnn_trans - INFO - epoch 50, train loss 2.9389657937657846e-05, validation loss 0.0
2023-05-16 22:41:46,373 - tri_viq_cnn_trans - INFO - model save to path: ../../checkpoints/tri_viq_cnn_trans/group2_epoch50.pth
2023-05-16 22:42:47,749 - tri_viq_cnn_trans - INFO - epoch 60, train loss 2.766994364136272e-05, validation loss 0.0
2023-05-16 22:42:47,750 - tri_viq_cnn_trans - INFO - model save to path: ../../checkpoints/tri_viq_cnn_trans/group2_epoch60.pth
2023-05-16 22:43:48,382 - tri_viq_cnn_trans - INFO - epoch 70, train loss 2.490390565486836e-05, validation loss 0.0
2023-05-16 22:43:48,383 - tri_viq_cnn_trans - INFO - model save to path: ../../checkpoints/tri_viq_cnn_trans/group2_epoch70.pth
2023-05-16 22:44:50,265 - tri_viq_cnn_trans - INFO - epoch 80, train loss 2.1860098558514432e-05, validation loss 0.0
2023-05-16 22:44:50,265 - tri_viq_cnn_trans - INFO - model save to path: ../../checkpoints/tri_viq_cnn_trans/group2_epoch80.pth
2023-05-16 22:45:50,906 - tri_viq_cnn_trans - INFO - epoch 90, train loss 1.985294495157745e-05, validation loss 0.0
2023-05-16 22:45:50,907 - tri_viq_cnn_trans - INFO - model save to path: ../../checkpoints/tri_viq_cnn_trans/group2_epoch90.pth
2023-05-16 22:46:52,006 - tri_viq_cnn_trans - INFO - epoch 100, train loss 1.6870337836238584e-05, validation loss 0.0
2023-05-16 22:46:52,007 - tri_viq_cnn_trans - INFO - model save to path: ../../checkpoints/tri_viq_cnn_trans/group2_epoch100.pth
2023-05-16 22:47:53,982 - tri_viq_cnn_trans - INFO - epoch 110, train loss 1.8068277352247103e-05, validation loss 0.0
2023-05-16 22:47:53,983 - tri_viq_cnn_trans - INFO - model save to path: ../../checkpoints/tri_viq_cnn_trans/group2_epoch110.pth
2023-05-16 22:48:55,675 - tri_viq_cnn_trans - INFO - epoch 120, train loss 1.678327886121025e-05, validation loss 0.0
2023-05-16 22:48:55,675 - tri_viq_cnn_trans - INFO - model save to path: ../../checkpoints/tri_viq_cnn_trans/group2_epoch120.pth
2023-05-16 22:48:55,678 - tri_viq_cnn_trans - INFO - 训练完成
2023-05-16 22:49:04,755 - tri_viq_cnn_trans - INFO - maxE: 0.043796, mae: 0.003844, rmse:0.005483
2023-05-16 22:49:11,884 - tri_viq_cnn_trans - INFO - maxE: 0.067121, mae: 0.007235, rmse:0.009037
2023-05-16 22:49:19,279 - tri_viq_cnn_trans - INFO - maxE: 0.180920, mae: 0.018336, rmse:0.032723
2023-05-16 22:49:35,277 - tri_viq_cnn_trans - INFO - maxE: 0.059612, mae: 0.005905, rmse:0.008223
2023-05-16 22:49:35,278 - tri_viq_cnn_trans - INFO - experiment id: 3
2023-05-16 22:49:35,278 - tri_viq_cnn_trans - INFO - training dataset batteries index: [0, 1, 2, 3, 4, 5, 6, 7, 12, 13, 14, 15]
2023-05-16 22:49:35,279 - tri_viq_cnn_trans - INFO - testing dataset batteries index: [8, 9, 10, 11]
2023-05-16 22:49:36,032 - tri_viq_cnn_trans - INFO - dataloader info: shape of X is torch.Size([128, 3, 15, 15]), shape of y is torch.Size([128, 1])
2023-05-16 22:49:36,035 - tri_viq_cnn_trans - INFO - 训练开始
2023-05-16 22:50:40,473 - tri_viq_cnn_trans - INFO - epoch 10, train loss 0.00017304231818140252, validation loss 0.0
2023-05-16 22:50:40,474 - tri_viq_cnn_trans - INFO - model save to path: ../../checkpoints/tri_viq_cnn_trans/group3_epoch10.pth
2023-05-16 22:51:45,506 - tri_viq_cnn_trans - INFO - epoch 20, train loss 7.662694982863823e-05, validation loss 0.0
2023-05-16 22:51:45,508 - tri_viq_cnn_trans - INFO - model save to path: ../../checkpoints/tri_viq_cnn_trans/group3_epoch20.pth
2023-05-16 22:52:49,505 - tri_viq_cnn_trans - INFO - epoch 30, train loss 6.044242049166994e-05, validation loss 0.0
2023-05-16 22:52:49,506 - tri_viq_cnn_trans - INFO - model save to path: ../../checkpoints/tri_viq_cnn_trans/group3_epoch30.pth
2023-05-16 22:53:54,665 - tri_viq_cnn_trans - INFO - epoch 40, train loss 4.890636591570905e-05, validation loss 0.0
2023-05-16 22:53:54,666 - tri_viq_cnn_trans - INFO - model save to path: ../../checkpoints/tri_viq_cnn_trans/group3_epoch40.pth
2023-05-16 22:54:59,741 - tri_viq_cnn_trans - INFO - epoch 50, train loss 4.213550896592858e-05, validation loss 0.0
2023-05-16 22:54:59,742 - tri_viq_cnn_trans - INFO - model save to path: ../../checkpoints/tri_viq_cnn_trans/group3_epoch50.pth
2023-05-16 22:56:04,635 - tri_viq_cnn_trans - INFO - epoch 60, train loss 3.823960954614077e-05, validation loss 0.0
2023-05-16 22:56:04,636 - tri_viq_cnn_trans - INFO - model save to path: ../../checkpoints/tri_viq_cnn_trans/group3_epoch60.pth
2023-05-16 22:57:10,466 - tri_viq_cnn_trans - INFO - epoch 70, train loss 3.28962231277498e-05, validation loss 0.0
2023-05-16 22:57:10,467 - tri_viq_cnn_trans - INFO - model save to path: ../../checkpoints/tri_viq_cnn_trans/group3_epoch70.pth
2023-05-16 22:58:14,477 - tri_viq_cnn_trans - INFO - epoch 80, train loss 3.132108052590099e-05, validation loss 0.0
2023-05-16 22:58:14,479 - tri_viq_cnn_trans - INFO - model save to path: ../../checkpoints/tri_viq_cnn_trans/group3_epoch80.pth
2023-05-16 22:59:19,363 - tri_viq_cnn_trans - INFO - epoch 90, train loss 2.6738746801548004e-05, validation loss 0.0
2023-05-16 22:59:19,364 - tri_viq_cnn_trans - INFO - model save to path: ../../checkpoints/tri_viq_cnn_trans/group3_epoch90.pth
2023-05-16 23:00:25,086 - tri_viq_cnn_trans - INFO - epoch 100, train loss 2.6268581765483928e-05, validation loss 0.0
2023-05-16 23:00:25,086 - tri_viq_cnn_trans - INFO - model save to path: ../../checkpoints/tri_viq_cnn_trans/group3_epoch100.pth
2023-05-16 23:01:30,334 - tri_viq_cnn_trans - INFO - epoch 110, train loss 2.507692443885177e-05, validation loss 0.0
2023-05-16 23:01:30,335 - tri_viq_cnn_trans - INFO - model save to path: ../../checkpoints/tri_viq_cnn_trans/group3_epoch110.pth
2023-05-16 23:02:35,843 - tri_viq_cnn_trans - INFO - epoch 120, train loss 2.210076157246322e-05, validation loss 0.0
2023-05-16 23:02:35,844 - tri_viq_cnn_trans - INFO - model save to path: ../../checkpoints/tri_viq_cnn_trans/group3_epoch120.pth
2023-05-16 23:02:35,847 - tri_viq_cnn_trans - INFO - 训练完成
2023-05-16 23:02:43,559 - tri_viq_cnn_trans - INFO - maxE: 0.054678, mae: 0.003647, rmse:0.005137
2023-05-16 23:02:53,371 - tri_viq_cnn_trans - INFO - maxE: 0.071862, mae: 0.005453, rmse:0.009503
2023-05-16 23:03:03,370 - tri_viq_cnn_trans - INFO - maxE: 0.048632, mae: 0.003865, rmse:0.005304
2023-05-16 23:03:11,267 - tri_viq_cnn_trans - INFO - maxE: 0.049220, mae: 0.004207, rmse:0.005532
2023-05-16 23:03:11,268 - tri_viq_cnn_trans - INFO - experiment id: 4
2023-05-16 23:03:11,269 - tri_viq_cnn_trans - INFO - training dataset batteries index: [0, 1, 2, 3, 4, 5, 6, 7, 8, 9, 10, 11]
2023-05-16 23:03:11,270 - tri_viq_cnn_trans - INFO - testing dataset batteries index: [12, 13, 14, 15]
2023-05-16 23:03:12,162 - tri_viq_cnn_trans - INFO - dataloader info: shape of X is torch.Size([128, 3, 15, 15]), shape of y is torch.Size([128, 1])
2023-05-16 23:03:12,164 - tri_viq_cnn_trans - INFO - 训练开始
2023-05-16 23:04:18,219 - tri_viq_cnn_trans - INFO - epoch 10, train loss 0.0001355064425574813, validation loss 0.0
2023-05-16 23:04:18,220 - tri_viq_cnn_trans - INFO - model save to path: ../../checkpoints/tri_viq_cnn_trans/group4_epoch10.pth
2023-05-16 23:05:25,649 - tri_viq_cnn_trans - INFO - epoch 20, train loss 6.787958740115867e-05, validation loss 0.0
2023-05-16 23:05:25,650 - tri_viq_cnn_trans - INFO - model save to path: ../../checkpoints/tri_viq_cnn_trans/group4_epoch20.pth
2023-05-16 23:06:31,689 - tri_viq_cnn_trans - INFO - epoch 30, train loss 5.079353419374534e-05, validation loss 0.0
2023-05-16 23:06:31,690 - tri_viq_cnn_trans - INFO - model save to path: ../../checkpoints/tri_viq_cnn_trans/group4_epoch30.pth
2023-05-16 23:07:38,930 - tri_viq_cnn_trans - INFO - epoch 40, train loss 4.208800957212703e-05, validation loss 0.0
2023-05-16 23:07:38,931 - tri_viq_cnn_trans - INFO - model save to path: ../../checkpoints/tri_viq_cnn_trans/group4_epoch40.pth
2023-05-16 23:08:46,539 - tri_viq_cnn_trans - INFO - epoch 50, train loss 3.254013853760075e-05, validation loss 0.0
2023-05-16 23:08:46,539 - tri_viq_cnn_trans - INFO - model save to path: ../../checkpoints/tri_viq_cnn_trans/group4_epoch50.pth
2023-05-16 23:09:53,888 - tri_viq_cnn_trans - INFO - epoch 60, train loss 2.9390963814161065e-05, validation loss 0.0
2023-05-16 23:09:53,889 - tri_viq_cnn_trans - INFO - model save to path: ../../checkpoints/tri_viq_cnn_trans/group4_epoch60.pth
2023-05-16 23:11:01,038 - tri_viq_cnn_trans - INFO - epoch 70, train loss 2.737054382529798e-05, validation loss 0.0
2023-05-16 23:11:01,039 - tri_viq_cnn_trans - INFO - model save to path: ../../checkpoints/tri_viq_cnn_trans/group4_epoch70.pth
2023-05-16 23:12:08,220 - tri_viq_cnn_trans - INFO - epoch 80, train loss 2.513535753766731e-05, validation loss 0.0
2023-05-16 23:12:08,221 - tri_viq_cnn_trans - INFO - model save to path: ../../checkpoints/tri_viq_cnn_trans/group4_epoch80.pth
2023-05-16 23:13:15,513 - tri_viq_cnn_trans - INFO - epoch 90, train loss 2.300006706738526e-05, validation loss 0.0
2023-05-16 23:13:15,515 - tri_viq_cnn_trans - INFO - model save to path: ../../checkpoints/tri_viq_cnn_trans/group4_epoch90.pth
2023-05-16 23:14:23,310 - tri_viq_cnn_trans - INFO - epoch 100, train loss 2.1261611831686875e-05, validation loss 0.0
2023-05-16 23:14:23,311 - tri_viq_cnn_trans - INFO - model save to path: ../../checkpoints/tri_viq_cnn_trans/group4_epoch100.pth
2023-05-16 23:15:29,838 - tri_viq_cnn_trans - INFO - epoch 110, train loss 2.1107521136675676e-05, validation loss 0.0
2023-05-16 23:15:29,839 - tri_viq_cnn_trans - INFO - model save to path: ../../checkpoints/tri_viq_cnn_trans/group4_epoch110.pth
2023-05-16 23:16:37,301 - tri_viq_cnn_trans - INFO - epoch 120, train loss 1.8603416153564772e-05, validation loss 0.0
2023-05-16 23:16:37,302 - tri_viq_cnn_trans - INFO - model save to path: ../../checkpoints/tri_viq_cnn_trans/group4_epoch120.pth
2023-05-16 23:16:37,304 - tri_viq_cnn_trans - INFO - 训练完成
2023-05-16 23:16:46,558 - tri_viq_cnn_trans - INFO - maxE: 0.069799, mae: 0.009681, rmse:0.012899
2023-05-16 23:16:54,708 - tri_viq_cnn_trans - INFO - maxE: 0.023768, mae: 0.004380, rmse:0.005191
2023-05-16 23:17:03,303 - tri_viq_cnn_trans - INFO - maxE: 0.055301, mae: 0.009353, rmse:0.011348
2023-05-16 23:17:12,120 - tri_viq_cnn_trans - INFO - maxE: 0.081661, mae: 0.008724, rmse:0.013338
